<?xml version="1.0" encoding="UTF-8"?>
<testsuite xmlns:xsi="http://www.w3.org/2001/XMLSchema-instance" xsi:noNamespaceSchemaLocation="https://maven.apache.org/surefire/maven-surefire-plugin/xsd/surefire-test-report.xsd" name="ambovombe.kombarika.AppTest" time="0.091" tests="1" errors="0" skipped="0" failures="0">
  <properties>
    <property name="java.specification.version" value="17"/>
    <property name="sun.cpu.isalist" value="amd64"/>
    <property name="sun.jnu.encoding" value="Cp1252"/>
    <property name="java.class.path" value="D:\Fianarana\Semestre6\Framework\Scaffolding\kombarika\target\test-classes;D:\Fianarana\Semestre6\Framework\Scaffolding\kombarika\target\classes;C:\Users\HERINIAINA\.m2\repository\junit\junit\4.11\junit-4.11.jar;C:\Users\HERINIAINA\.m2\repository\org\hamcrest\hamcrest-core\1.3\hamcrest-core-1.3.jar;C:\Users\HERINIAINA\.m2\repository\org\projectlombok\lombok\1.18.30\lombok-1.18.30.jar;C:\Users\HERINIAINA\.m2\repository\com\google\code\gson\gson\2.10.1\gson-2.10.1.jar;C:\Users\HERINIAINA\.m2\repository\org\postgresql\postgresql\42.7.0\postgresql-42.7.0.jar;C:\Users\HERINIAINA\.m2\repository\org\checkerframework\checker-qual\3.31.0\checker-qual-3.31.0.jar;"/>
    <property name="java.vm.vendor" value="Oracle Corporation"/>
    <property name="sun.arch.data.model" value="64"/>
    <property name="user.variant" value=""/>
    <property name="java.vendor.url" value="https://java.oracle.com/"/>
    <property name="user.timezone" value="Indian/Antananarivo"/>
    <property name="os.name" value="Windows 11"/>
    <property name="java.vm.specification.version" value="17"/>
    <property name="sun.java.launcher" value="SUN_STANDARD"/>
    <property name="user.country" value="FR"/>
    <property name="sun.boot.library.path" value="C:\Program Files\Java\jdk-17.0.3.1\bin"/>
    <property name="sun.java.command" value="C:\Users\HERINI~1\AppData\Local\Temp\surefire8607231230336448333\surefirebooter10993598225815977051.jar C:\Users\HERINIAINA\AppData\Local\Temp\surefire8607231230336448333 2024-02-27T06-33-51_905-jvmRun1 surefire14028821946366600771tmp surefire_012091372654026496803tmp"/>
    <property name="jdk.debug" value="release"/>
    <property name="surefire.test.class.path" value="D:\Fianarana\Semestre6\Framework\Scaffolding\kombarika\target\test-classes;D:\Fianarana\Semestre6\Framework\Scaffolding\kombarika\target\classes;C:\Users\HERINIAINA\.m2\repository\junit\junit\4.11\junit-4.11.jar;C:\Users\HERINIAINA\.m2\repository\org\hamcrest\hamcrest-core\1.3\hamcrest-core-1.3.jar;C:\Users\HERINIAINA\.m2\repository\org\projectlombok\lombok\1.18.30\lombok-1.18.30.jar;C:\Users\HERINIAINA\.m2\repository\com\google\code\gson\gson\2.10.1\gson-2.10.1.jar;C:\Users\HERINIAINA\.m2\repository\org\postgresql\postgresql\42.7.0\postgresql-42.7.0.jar;C:\Users\HERINIAINA\.m2\repository\org\checkerframework\checker-qual\3.31.0\checker-qual-3.31.0.jar;"/>
    <property name="sun.cpu.endian" value="little"/>
    <property name="user.home" value="C:\Users\HERINIAINA"/>
    <property name="user.language" value="fr"/>
    <property name="java.specification.vendor" value="Oracle Corporation"/>
    <property name="java.version.date" value="2022-04-22"/>
    <property name="java.home" value="C:\Program Files\Java\jdk-17.0.3.1"/>
    <property name="file.separator" value="\"/>
    <property name="basedir" value="D:\Fianarana\Semestre6\Framework\Scaffolding\kombarika"/>
    <property name="java.vm.compressedOopsMode" value="Zero based"/>
    <property name="line.separator" value="&#10;"/>
    <property name="java.vm.specification.vendor" value="Oracle Corporation"/>
    <property name="java.specification.name" value="Java Platform API Specification"/>
    <property name="surefire.real.class.path" value="C:\Users\HERINI~1\AppData\Local\Temp\surefire8607231230336448333\surefirebooter10993598225815977051.jar"/>
    <property name="user.script" value=""/>
    <property name="sun.management.compiler" value="HotSpot 64-Bit Tiered Compilers"/>
    <property name="java.runtime.version" value="17.0.3.1+2-LTS-6"/>
    <property name="user.name" value="HERINIAINA"/>
    <property name="path.separator" value=";"/>
    <property name="os.version" value="10.0"/>
    <property name="java.runtime.name" value="Java(TM) SE Runtime Environment"/>
    <property name="file.encoding" value="Cp1252"/>
    <property name="java.vm.name" value="Java HotSpot(TM) 64-Bit Server VM"/>
    <property name="localRepository" value="C:\Users\HERINIAINA\.m2\repository"/>
    <property name="java.vendor.url.bug" value="https://bugreport.java.com/bugreport/"/>
    <property name="java.io.tmpdir" value="C:\Users\HERINI~1\AppData\Local\Temp\"/>
    <property name="java.version" value="17.0.3.1"/>
    <property name="user.dir" value="D:\Fianarana\Semestre6\Framework\Scaffolding\kombarika"/>
    <property name="os.arch" value="amd64"/>
    <property name="java.vm.specification.name" value="Java Virtual Machine Specification"/>
    <property name="sun.os.patch.level" value=""/>
    <property name="native.encoding" value="Cp1252"/>
    <property name="java.library.path" value="C:\Program Files\Java\jdk-17.0.3.1\bin;C:\WINDOWS\Sun\Java\bin;C:\WINDOWS\system32;C:\WINDOWS;C:\Python312\Scripts\;C:\Python312\;C:\Program Files\Microsoft\jdk-11.0.16.101-hotspot\bin;C:\Program Files\Microsoft MPI\Bin\;C:\Program Files\Java\jdk-17.0.3.1\bin;C:\Program Files (x86)\Common Files\Oracle\Java\javapath;D:\app\HERINIAINA\product\11.2.0\dbhome_1\bin;D:\app\HERINIAINA\product\21c\dbhomeXE\bin;D:\app\HERINIAINA\product\11.2.0\dbhome_2\bin;C:\Windows\system32;C:\Windows;C:\Windows\System32\Wbem;C:\Windows\System32\WindowsPowerShell\v1.0\;C:\Windows\System32\OpenSSH\;C:\Program Files (x86)\NVIDIA Corporation\PhysX\Common;C:\Program Files\NVIDIA Corporation\NVIDIA NvDLISR;C:\WINDOWS\system32;C:\WINDOWS;C:\WINDOWS\System32\Wbem;C:\WINDOWS\System32\WindowsPowerShell\v1.0\;C:\WINDOWS\System32\OpenSSH\;D:\apache-tomcat-8.5.82\bin;C:\Program Files\Git\cmd;C:\TDM-GCC-64\bin;C:\Program Files\Microsoft SQL Server\150\Tools\Binn\;C:\Program Files\Microsoft SQL Server\Client SDK\ODBC\170\Tools\Binn\;C:\Program Files (x86)\Microsoft SQL Server\160\Tools\Binn\;C:\Program Files\Microsoft SQL Server\160\Tools\Binn\;C:\Program Files\Microsoft SQL Server\160\DTS\Binn\;C:\Program Files (x86)\Microsoft SQL Server\160\DTS\Binn\;C:\Program Files\Azure Data Studio\bin;D:\Application\flutter\bin;C:\Program Files\dotnet\;C:\Program Files (x86)\Android\android-sdk\cmdline-tools\7.0\bin;D:\Xampp\php;C:\ProgramData\ComposerSetup\bin;C:\Program Files\Docker\Docker\resources\bin;D:\apache-maven-3.9.4\bin;C:\Program Files\nodejs\;C:\ProgramData\chocolatey\bin;C:\Users\HERINIAINA\AppData\Local\Microsoft\WindowsApps;C:\ProgramData\Microsoft VS Code\bin;C:\Users\HERINIAINA\AppData\Local\GitHubDesktop\bin;C:\Program Files\Azure Data Studio\bin;D:\Application\flutter\bin;C:\Users\HERINIAINA\.dotnet\tools;C:\Program Files (x86)\Android\android-sdk\cmdline-tools\latest\bin;C:\Users\HERINIAINA\AppData\Roaming\Composer\vendor\bin;C:\Program Files\JetBrains\IntelliJ IDEA Community Edition 2022.1.1\bin;;C:\Users\HERINIAINA\AppData\Roaming\npm;."/>
    <property name="java.vm.info" value="mixed mode, sharing"/>
    <property name="java.vendor" value="Oracle Corporation"/>
    <property name="java.vm.version" value="17.0.3.1+2-LTS-6"/>
    <property name="sun.io.unicode.encoding" value="UnicodeLittle"/>
    <property name="java.class.version" value="61.0"/>
  </properties>
  <testcase name="shouldAnswerWithTrue" classname="ambovombe.kombarika.AppTest" time="0.005"/>
</testsuite>